<?xml version="1.0" encoding="UTF-8"?>
<!-- Generated by org.testng.reporters.JUnitReportReporter -->
<testsuite skipped="0" hostname="DESKTOP-77CC6J5" name="org.exp.Emp" tests="1" failures="0" timestamp="28 May 2021 09:08:42 GMT" time="0.912" errors="0">
  <testcase name="tc1" time="0.912" classname="org.exp.Emp"/>
</testsuite> <!-- org.exp.Emp -->
