<?xml version="1.0" encoding="UTF-8"?>
<!-- Generated by org.testng.reporters.JUnitReportReporter -->
<testsuite skipped="0" hostname="DESKTOP-77CC6J5" name="org.exp.Sample" tests="3" failures="0" timestamp="2021-06-28T10:51:17 IST" time="0.076" errors="0">
  <testcase name="tc13" time="0.015" classname="org.exp.Sample"/>
  <system-out/>
  <testcase name="tc12" time="0.027" classname="org.exp.Sample"/>
  <system-out/>
  <testcase name="tc11" time="0.034" classname="org.exp.Sample"/>
  <system-out/>
</testsuite> <!-- org.exp.Sample -->
