<?xml version="1.0" encoding="UTF-8"?>
<!-- Generated by org.testng.reporters.JUnitReportReporter -->
<testsuite skipped="0" hostname="DESKTOP-77CC6J5" name="org.cts.PractiseTestng" tests="2" failures="0" timestamp="2021-06-25T21:31:19 IST" time="52.415" errors="0">
  <testcase name="tc1" time="17.995" classname="org.cts.PractiseTestng"/>
  <system-out/>
  <testcase name="tc1" time="34.420" classname="org.cts.PractiseTestng"/>
  <system-out/>
</testsuite> <!-- org.cts.PractiseTestng -->
