<?xml version="1.0" encoding="UTF-8"?>
<!-- Generated by org.testng.reporters.JUnitReportReporter -->
<testsuite skipped="0" hostname="DESKTOP-77CC6J5" name="org.mav.parallMethod" tests="6" failures="0" timestamp="2021-06-28T10:51:17 IST" time="0.059" errors="0">
  <testcase name="tc4" time="0.003" classname="org.mav.parallMethod"/>
  <system-out/>
  <testcase name="tc2" time="0.004" classname="org.mav.parallMethod"/>
  <system-out/>
  <testcase name="tc3" time="0.002" classname="org.mav.parallMethod"/>
  <system-out/>
  <testcase name="tc1" time="0.036" classname="org.mav.parallMethod"/>
  <system-out/>
  <testcase name="tc6" time="0.004" classname="org.mav.parallMethod"/>
  <system-out/>
  <testcase name="tc5" time="0.010" classname="org.mav.parallMethod"/>
  <system-out/>
</testsuite> <!-- org.mav.parallMethod -->
