<?xml version="1.0" encoding="UTF-8"?>
<!-- Generated by org.testng.reporters.JUnitReportReporter -->
<testsuite skipped="0" hostname="DESKTOP-77CC6J5" name="org.exp.Company" tests="3" failures="0" timestamp="24 Jun 2021 16:53:36 GMT" time="0.047" errors="0">
  <testcase name="tc2" time="0.000" classname="org.exp.Company"/>
  <testcase name="tc1" time="0.032" classname="org.exp.Company"/>
  <testcase name="tc3" time="0.015" classname="org.exp.Company"/>
</testsuite> <!-- org.exp.Company -->
