<?xml version="1.0" encoding="UTF-8"?>
<!-- Generated by org.testng.reporters.JUnitReportReporter -->
<testsuite skipped="0" hostname="DESKTOP-77CC6J5" name="org.exp.Priorty" tests="4" failures="0" timestamp="2021-06-27T16:04:47 IST" time="0.081" errors="0">
  <testcase name="tc4" time="0.030" classname="org.exp.Priorty"/>
  <system-out/>
  <testcase name="tc3" time="0.005" classname="org.exp.Priorty"/>
  <system-out/>
  <testcase name="tc2" time="0.018" classname="org.exp.Priorty"/>
  <system-out/>
  <testcase name="tc1" time="0.028" classname="org.exp.Priorty"/>
  <system-out/>
</testsuite> <!-- org.exp.Priorty -->
