<?xml version="1.0" encoding="UTF-8"?>
<!-- Generated by org.testng.reporters.JUnitReportReporter -->
<testsuite skipped="0" hostname="DESKTOP-77CC6J5" name="org.mav.Groups" tests="3" failures="0" timestamp="2021-06-28T10:49:14 IST" time="0.120" errors="0">
  <testcase name="tc1" time="0.095" classname="org.mav.Groups"/>
  <system-out/>
  <testcase name="tc3" time="0.017" classname="org.mav.Groups"/>
  <system-out/>
  <testcase name="tc2" time="0.008" classname="org.mav.Groups"/>
  <system-out/>
</testsuite> <!-- org.mav.Groups -->
