<?xml version="1.0" encoding="UTF-8"?>
<!-- Generated by org.testng.reporters.JUnitReportReporter -->
<testsuite skipped="0" hostname="DESKTOP-77CC6J5" name="org.cts.DataProv" tests="3" failures="0" timestamp="2021-06-27T16:31:28 IST" time="0.083" errors="0">
  <testcase name="tc1" time="0.025" classname="org.cts.DataProv"/>
  <system-out/>
  <testcase name="tc1" time="0.040" classname="org.cts.DataProv"/>
  <system-out/>
  <testcase name="tc1" time="0.018" classname="org.cts.DataProv"/>
  <system-out/>
</testsuite> <!-- org.cts.DataProv -->
