<?xml version="1.0" encoding="UTF-8"?>
<!-- Generated by org.testng.reporters.JUnitReportReporter -->
<testsuite skipped="0" hostname="DESKTOP-77CC6J5" name="org.cts.DataProv1" tests="4" failures="0" timestamp="2021-06-27T16:43:19 IST" time="71.883" errors="0">
  <testcase name="tc1" time="15.361" classname="org.cts.DataProv1"/>
  <system-out/>
  <testcase name="tc1" time="22.452" classname="org.cts.DataProv1"/>
  <system-out/>
  <testcase name="tc1" time="18.982" classname="org.cts.DataProv1"/>
  <system-out/>
  <testcase name="tc1" time="15.088" classname="org.cts.DataProv1"/>
  <system-out/>
</testsuite> <!-- org.cts.DataProv1 -->
