<?xml version="1.0" encoding="UTF-8"?>
<!-- Generated by org.testng.reporters.JUnitReportReporter -->
<testsuite skipped="0" hostname="DESKTOP-77CC6J5" name="org.cts.DataProv3" tests="3" failures="0" timestamp="2021-06-25T21:05:12 IST" time="0.059" errors="0">
  <testcase name="tc0" time="0.033" classname="org.cts.DataProv3"/>
  <system-out/>
  <testcase name="tc0" time="0.020" classname="org.cts.DataProv3"/>
  <system-out/>
  <testcase name="tc0" time="0.006" classname="org.cts.DataProv3"/>
  <system-out/>
</testsuite> <!-- org.cts.DataProv3 -->
