<?xml version="1.0" encoding="UTF-8"?>
<!-- Generated by org.testng.reporters.JUnitReportReporter -->
<testsuite skipped="0" hostname="DESKTOP-77CC6J5" name="org.cts.DataProv2" tests="3" failures="0" timestamp="15 Jun 2021 16:25:59 GMT" time="0.030" errors="0">
  <testcase name="tc1" time="0.003" classname="org.cts.DataProv2"/>
  <testcase name="tc1" time="0.004" classname="org.cts.DataProv2"/>
  <testcase name="tc1" time="0.023" classname="org.cts.DataProv2"/>
</testsuite> <!-- org.cts.DataProv2 -->
