<?xml version="1.0" encoding="UTF-8"?>
<!-- Generated by org.testng.reporters.JUnitReportReporter -->
<testsuite skipped="0" hostname="DESKTOP-77CC6J5" name="org.exp.Employee" tests="2" failures="0" timestamp="29 May 2021 16:06:09 GMT" time="0.024" errors="0">
  <testcase name="tc2" time="0.010" classname="org.exp.Employee"/>
  <testcase name="tc1" time="0.014" classname="org.exp.Employee"/>
</testsuite> <!-- org.exp.Employee -->
