<?xml version="1.0" encoding="UTF-8"?>
<!-- Generated by org.testng.reporters.JUnitReportReporter -->
<testsuite skipped="0" hostname="DESKTOP-77CC6J5" name="org.mav.ParallTest" tests="6" failures="0" timestamp="2021-07-01T20:00:44 IST" time="0.404" errors="0">
  <testcase name="TC1" time="0.105" classname="org.mav.ParallTest"/>
  <system-out/>
  <testcase name="TC1" time="0.080" classname="org.mav.ParallTest"/>
  <system-out/>
  <testcase name="TC1" time="0.054" classname="org.mav.ParallTest"/>
  <system-out/>
  <testcase name="TC1" time="0.004" classname="org.mav.ParallTest"/>
  <system-out/>
  <testcase name="TC1" time="0.111" classname="org.mav.ParallTest"/>
  <system-out/>
  <testcase name="TC1" time="0.050" classname="org.mav.ParallTest"/>
  <system-out/>
</testsuite> <!-- org.mav.ParallTest -->
