<?xml version="1.0" encoding="UTF-8"?>
<!-- Generated by org.testng.reporters.JUnitReportReporter -->
<testsuite skipped="0" hostname="DESKTOP-77CC6J5" name="org.exp.SftAssert" tests="2" failures="0" timestamp="2021-07-06T15:27:50 IST" time="15.743" errors="0">
  <testcase name="tc1" time="15.739" classname="org.exp.SftAssert"/>
  <system-out/>
  <testcase name="tc2" time="0.004" classname="org.exp.SftAssert"/>
  <system-out/>
</testsuite> <!-- org.exp.SftAssert -->
