<?xml version="1.0" encoding="UTF-8"?>
<!-- Generated by org.testng.reporters.JUnitReportReporter -->
<testsuite skipped="0" hostname="DESKTOP-77CC6J5" name="org.exp.Assrt" tests="1" failures="0" timestamp="2021-07-06T15:19:17 IST" time="0.019" errors="0">
  <testcase name="tc2" time="0.019" classname="org.exp.Assrt"/>
  <system-out/>
</testsuite> <!-- org.exp.Assrt -->
